Terminals unused in grammar

   T_LE
   T_GE
   T_NEC
   T_NE
   T_EQC
   T_EXP
   T_AND
   T_OR
   T_XOR
   T_FE
   T_AS
   T_LT
   T_GT
   T_NOT
   T_MOD
   T_EQ


Grammar

    0 $accept: Start $end

    1 Start: T_START Statements T_END

    2 Statements: Statements Assignment T_SC
    3           | Assignment T_SC
    4           | Statements Switch_Stat
    5           | Switch_Stat

    6 Switch_Stat: T_SW T_OB T_ID T_CB T_OP Switch_Blk T_CP

    7 Switch_Blk: CaseBlock
    8           | CaseBlock DEF

    9 CaseBlock: CaseBlock T_CASE NUM T_C St1 T_BR T_SC
   10          | %empty

   11 DEF: T_DF T_C St1 T_BR T_SC
   12    | T_DF T_C St1 T_SC

   13 St1: St1 exp T_SC
   14    | exp T_SC

   15 exp: Assignment

   16 Assignment: T_ID T_EQL Assignment
   17           | T_ID T_PL Assignment
   18           | T_ID T_MIN Assignment
   19           | T_ID T_STAR Assignment
   20           | T_ID T_DIV Assignment
   21           | NUM T_PL Assignment
   22           | NUM T_MIN Assignment
   23           | NUM T_STAR Assignment
   24           | NUM T_DIV Assignment
   25           | T_OB Assignment T_CB
   26           | '-' NUM
   27           | '-' T_ID
   28           | NUM
   29           | T_ID


Terminals, with rules where they appear

$end (0) 0
'-' (45) 26 27
error (256)
T_START (258) 1
T_END (259) 1
T_LE (260)
T_GE (261)
T_NEC (262)
T_NE (263)
T_EQC (264)
T_EXP (265)
T_AND (266)
T_OR (267)
T_XOR (268)
T_SW (269) 6
T_FE (270)
T_AS (271)
T_CASE (272) 9
T_BR (273) 9 11
T_DF (274) 11 12
NUM (275) 9 21 22 23 24 26 28
T_LT (276)
T_GT (277)
T_NOT (278)
T_OP (279) 6
T_CP (280) 6
T_OB (281) 6 25
T_CB (282) 6 25
T_SC (283) 2 3 9 11 12 13 14
T_C (284) 9 11 12
T_PL (285) 17 21
T_MIN (286) 18 22
T_STAR (287) 19 23
T_DIV (288) 20 24
T_MOD (289)
T_EQL (290) 16
T_EQ (291)
T_ID (292) 6 16 17 18 19 20 27 29


Nonterminals, with rules where they appear

$accept (39)
    on left: 0
Start (40)
    on left: 1, on right: 0
Statements (41)
    on left: 2 3 4 5, on right: 1 2 4
Switch_Stat (42)
    on left: 6, on right: 4 5
Switch_Blk (43)
    on left: 7 8, on right: 6
CaseBlock (44)
    on left: 9 10, on right: 7 8 9
DEF (45)
    on left: 11 12, on right: 8
St1 (46)
    on left: 13 14, on right: 9 11 12 13
exp (47)
    on left: 15, on right: 13 14
Assignment (48)
    on left: 16 17 18 19 20 21 22 23 24 25 26 27 28 29, on right: 2
    3 15 16 17 18 19 20 21 22 23 24 25


State 0

    0 $accept: . Start $end

    T_START  shift, and go to state 1

    Start  go to state 2


State 1

    1 Start: T_START . Statements T_END

    T_SW  shift, and go to state 3
    NUM   shift, and go to state 4
    T_OB  shift, and go to state 5
    T_ID  shift, and go to state 6
    '-'   shift, and go to state 7

    Statements   go to state 8
    Switch_Stat  go to state 9
    Assignment   go to state 10


State 2

    0 $accept: Start . $end

    $end  shift, and go to state 11


State 3

    6 Switch_Stat: T_SW . T_OB T_ID T_CB T_OP Switch_Blk T_CP

    T_OB  shift, and go to state 12


State 4

   21 Assignment: NUM . T_PL Assignment
   22           | NUM . T_MIN Assignment
   23           | NUM . T_STAR Assignment
   24           | NUM . T_DIV Assignment
   28           | NUM .

    T_PL    shift, and go to state 13
    T_MIN   shift, and go to state 14
    T_STAR  shift, and go to state 15
    T_DIV   shift, and go to state 16

    $default  reduce using rule 28 (Assignment)


State 5

   25 Assignment: T_OB . Assignment T_CB

    NUM   shift, and go to state 4
    T_OB  shift, and go to state 5
    T_ID  shift, and go to state 6
    '-'   shift, and go to state 7

    Assignment  go to state 17


State 6

   16 Assignment: T_ID . T_EQL Assignment
   17           | T_ID . T_PL Assignment
   18           | T_ID . T_MIN Assignment
   19           | T_ID . T_STAR Assignment
   20           | T_ID . T_DIV Assignment
   29           | T_ID .

    T_PL    shift, and go to state 18
    T_MIN   shift, and go to state 19
    T_STAR  shift, and go to state 20
    T_DIV   shift, and go to state 21
    T_EQL   shift, and go to state 22

    $default  reduce using rule 29 (Assignment)


State 7

   26 Assignment: '-' . NUM
   27           | '-' . T_ID

    NUM   shift, and go to state 23
    T_ID  shift, and go to state 24


State 8

    1 Start: T_START Statements . T_END
    2 Statements: Statements . Assignment T_SC
    4           | Statements . Switch_Stat

    T_END  shift, and go to state 25
    T_SW   shift, and go to state 3
    NUM    shift, and go to state 4
    T_OB   shift, and go to state 5
    T_ID   shift, and go to state 6
    '-'    shift, and go to state 7

    Switch_Stat  go to state 26
    Assignment   go to state 27


State 9

    5 Statements: Switch_Stat .

    $default  reduce using rule 5 (Statements)


State 10

    3 Statements: Assignment . T_SC

    T_SC  shift, and go to state 28


State 11

    0 $accept: Start $end .

    $default  accept


State 12

    6 Switch_Stat: T_SW T_OB . T_ID T_CB T_OP Switch_Blk T_CP

    T_ID  shift, and go to state 29


State 13

   21 Assignment: NUM T_PL . Assignment

    NUM   shift, and go to state 4
    T_OB  shift, and go to state 5
    T_ID  shift, and go to state 6
    '-'   shift, and go to state 7

    Assignment  go to state 30


State 14

   22 Assignment: NUM T_MIN . Assignment

    NUM   shift, and go to state 4
    T_OB  shift, and go to state 5
    T_ID  shift, and go to state 6
    '-'   shift, and go to state 7

    Assignment  go to state 31


State 15

   23 Assignment: NUM T_STAR . Assignment

    NUM   shift, and go to state 4
    T_OB  shift, and go to state 5
    T_ID  shift, and go to state 6
    '-'   shift, and go to state 7

    Assignment  go to state 32


State 16

   24 Assignment: NUM T_DIV . Assignment

    NUM   shift, and go to state 4
    T_OB  shift, and go to state 5
    T_ID  shift, and go to state 6
    '-'   shift, and go to state 7

    Assignment  go to state 33


State 17

   25 Assignment: T_OB Assignment . T_CB

    T_CB  shift, and go to state 34


State 18

   17 Assignment: T_ID T_PL . Assignment

    NUM   shift, and go to state 4
    T_OB  shift, and go to state 5
    T_ID  shift, and go to state 6
    '-'   shift, and go to state 7

    Assignment  go to state 35


State 19

   18 Assignment: T_ID T_MIN . Assignment

    NUM   shift, and go to state 4
    T_OB  shift, and go to state 5
    T_ID  shift, and go to state 6
    '-'   shift, and go to state 7

    Assignment  go to state 36


State 20

   19 Assignment: T_ID T_STAR . Assignment

    NUM   shift, and go to state 4
    T_OB  shift, and go to state 5
    T_ID  shift, and go to state 6
    '-'   shift, and go to state 7

    Assignment  go to state 37


State 21

   20 Assignment: T_ID T_DIV . Assignment

    NUM   shift, and go to state 4
    T_OB  shift, and go to state 5
    T_ID  shift, and go to state 6
    '-'   shift, and go to state 7

    Assignment  go to state 38


State 22

   16 Assignment: T_ID T_EQL . Assignment

    NUM   shift, and go to state 4
    T_OB  shift, and go to state 5
    T_ID  shift, and go to state 6
    '-'   shift, and go to state 7

    Assignment  go to state 39


State 23

   26 Assignment: '-' NUM .

    $default  reduce using rule 26 (Assignment)


State 24

   27 Assignment: '-' T_ID .

    $default  reduce using rule 27 (Assignment)


State 25

    1 Start: T_START Statements T_END .

    $default  reduce using rule 1 (Start)


State 26

    4 Statements: Statements Switch_Stat .

    $default  reduce using rule 4 (Statements)


State 27

    2 Statements: Statements Assignment . T_SC

    T_SC  shift, and go to state 40


State 28

    3 Statements: Assignment T_SC .

    $default  reduce using rule 3 (Statements)


State 29

    6 Switch_Stat: T_SW T_OB T_ID . T_CB T_OP Switch_Blk T_CP

    T_CB  shift, and go to state 41


State 30

   21 Assignment: NUM T_PL Assignment .

    $default  reduce using rule 21 (Assignment)


State 31

   22 Assignment: NUM T_MIN Assignment .

    $default  reduce using rule 22 (Assignment)


State 32

   23 Assignment: NUM T_STAR Assignment .

    $default  reduce using rule 23 (Assignment)


State 33

   24 Assignment: NUM T_DIV Assignment .

    $default  reduce using rule 24 (Assignment)


State 34

   25 Assignment: T_OB Assignment T_CB .

    $default  reduce using rule 25 (Assignment)


State 35

   17 Assignment: T_ID T_PL Assignment .

    $default  reduce using rule 17 (Assignment)


State 36

   18 Assignment: T_ID T_MIN Assignment .

    $default  reduce using rule 18 (Assignment)


State 37

   19 Assignment: T_ID T_STAR Assignment .

    $default  reduce using rule 19 (Assignment)


State 38

   20 Assignment: T_ID T_DIV Assignment .

    $default  reduce using rule 20 (Assignment)


State 39

   16 Assignment: T_ID T_EQL Assignment .

    $default  reduce using rule 16 (Assignment)


State 40

    2 Statements: Statements Assignment T_SC .

    $default  reduce using rule 2 (Statements)


State 41

    6 Switch_Stat: T_SW T_OB T_ID T_CB . T_OP Switch_Blk T_CP

    T_OP  shift, and go to state 42


State 42

    6 Switch_Stat: T_SW T_OB T_ID T_CB T_OP . Switch_Blk T_CP

    $default  reduce using rule 10 (CaseBlock)

    Switch_Blk  go to state 43
    CaseBlock   go to state 44


State 43

    6 Switch_Stat: T_SW T_OB T_ID T_CB T_OP Switch_Blk . T_CP

    T_CP  shift, and go to state 45


State 44

    7 Switch_Blk: CaseBlock .
    8           | CaseBlock . DEF
    9 CaseBlock: CaseBlock . T_CASE NUM T_C St1 T_BR T_SC

    T_CASE  shift, and go to state 46
    T_DF    shift, and go to state 47

    $default  reduce using rule 7 (Switch_Blk)

    DEF  go to state 48


State 45

    6 Switch_Stat: T_SW T_OB T_ID T_CB T_OP Switch_Blk T_CP .

    $default  reduce using rule 6 (Switch_Stat)


State 46

    9 CaseBlock: CaseBlock T_CASE . NUM T_C St1 T_BR T_SC

    NUM  shift, and go to state 49


State 47

   11 DEF: T_DF . T_C St1 T_BR T_SC
   12    | T_DF . T_C St1 T_SC

    T_C  shift, and go to state 50


State 48

    8 Switch_Blk: CaseBlock DEF .

    $default  reduce using rule 8 (Switch_Blk)


State 49

    9 CaseBlock: CaseBlock T_CASE NUM . T_C St1 T_BR T_SC

    T_C  shift, and go to state 51


State 50

   11 DEF: T_DF T_C . St1 T_BR T_SC
   12    | T_DF T_C . St1 T_SC

    NUM   shift, and go to state 4
    T_OB  shift, and go to state 5
    T_ID  shift, and go to state 6
    '-'   shift, and go to state 7

    St1         go to state 52
    exp         go to state 53
    Assignment  go to state 54


State 51

    9 CaseBlock: CaseBlock T_CASE NUM T_C . St1 T_BR T_SC

    NUM   shift, and go to state 4
    T_OB  shift, and go to state 5
    T_ID  shift, and go to state 6
    '-'   shift, and go to state 7

    St1         go to state 55
    exp         go to state 53
    Assignment  go to state 54


State 52

   11 DEF: T_DF T_C St1 . T_BR T_SC
   12    | T_DF T_C St1 . T_SC
   13 St1: St1 . exp T_SC

    T_BR  shift, and go to state 56
    NUM   shift, and go to state 4
    T_OB  shift, and go to state 5
    T_SC  shift, and go to state 57
    T_ID  shift, and go to state 6
    '-'   shift, and go to state 7

    exp         go to state 58
    Assignment  go to state 54


State 53

   14 St1: exp . T_SC

    T_SC  shift, and go to state 59


State 54

   15 exp: Assignment .

    $default  reduce using rule 15 (exp)


State 55

    9 CaseBlock: CaseBlock T_CASE NUM T_C St1 . T_BR T_SC
   13 St1: St1 . exp T_SC

    T_BR  shift, and go to state 60
    NUM   shift, and go to state 4
    T_OB  shift, and go to state 5
    T_ID  shift, and go to state 6
    '-'   shift, and go to state 7

    exp         go to state 58
    Assignment  go to state 54


State 56

   11 DEF: T_DF T_C St1 T_BR . T_SC

    T_SC  shift, and go to state 61


State 57

   12 DEF: T_DF T_C St1 T_SC .

    $default  reduce using rule 12 (DEF)


State 58

   13 St1: St1 exp . T_SC

    T_SC  shift, and go to state 62


State 59

   14 St1: exp T_SC .

    $default  reduce using rule 14 (St1)


State 60

    9 CaseBlock: CaseBlock T_CASE NUM T_C St1 T_BR . T_SC

    T_SC  shift, and go to state 63


State 61

   11 DEF: T_DF T_C St1 T_BR T_SC .

    $default  reduce using rule 11 (DEF)


State 62

   13 St1: St1 exp T_SC .

    $default  reduce using rule 13 (St1)


State 63

    9 CaseBlock: CaseBlock T_CASE NUM T_C St1 T_BR T_SC .

    $default  reduce using rule 9 (CaseBlock)
